<?xml version="1.0" encoding="UTF-8"?>
<!-- Generated by org.testng.reporters.JUnitXMLReporter -->
<testsuite ignored="11" hostname="DESKTOP-KD7B1SL" failures="0" tests="1" name="Default test(failed)" time="13.642" errors="0" timestamp="2022-10-21T16:45:37 IST">
  <testcase classname="Agent_Scripts.Agent_Analytics" name="tc12_Filter_custom" time="9.452"/>
  <testcase classname="Agent_Scripts.Agent_Analytics" name="tc9_Filter_Monthly" time="0.0">
    <ignored/>
  </testcase> <!-- tc9_Filter_Monthly -->
  <testcase classname="Agent_Scripts.Agent_Analytics" name="tc5_Feedbacks" time="0.0">
    <ignored/>
  </testcase> <!-- tc5_Feedbacks -->
  <testcase classname="Agent_Scripts.Agent_Analytics" name="tc4_Rejected_calls" time="0.0">
    <ignored/>
  </testcase> <!-- tc4_Rejected_calls -->
  <testcase classname="Agent_Scripts.Agent_Analytics" name="tc6_Analytics_Filter" time="0.0">
    <ignored/>
  </testcase> <!-- tc6_Analytics_Filter -->
  <testcase classname="Agent_Scripts.Agent_Analytics" name="tc7_Filter_Daily" time="0.0">
    <ignored/>
  </testcase> <!-- tc7_Filter_Daily -->
  <testcase classname="Agent_Scripts.Agent_Analytics" name="tc8_Filter_Weekly" time="0.0">
    <ignored/>
  </testcase> <!-- tc8_Filter_Weekly -->
  <testcase classname="Agent_Scripts.Agent_Analytics" name="tc2_Schedule_Video_Calls" time="0.0">
    <ignored/>
  </testcase> <!-- tc2_Schedule_Video_Calls -->
  <testcase classname="Agent_Scripts.Agent_Analytics" name="tc10_Filter_Yearly" time="0.0">
    <ignored/>
  </testcase> <!-- tc10_Filter_Yearly -->
  <testcase classname="Agent_Scripts.Agent_Analytics" name="tc3_Incoming_Video_calls" time="0.0">
    <ignored/>
  </testcase> <!-- tc3_Incoming_Video_calls -->
  <testcase classname="Agent_Scripts.Agent_Analytics" name="tc1_Analytics" time="0.0">
    <ignored/>
  </testcase> <!-- tc1_Analytics -->
  <testcase classname="Agent_Scripts.Agent_Analytics" name="tc11_Filter_Cancel" time="0.0">
    <ignored/>
  </testcase> <!-- tc11_Filter_Cancel -->
</testsuite> <!-- Default test(failed) -->
