<?xml version="1.0" encoding="UTF-8"?>
<!-- Generated by org.testng.reporters.JUnitXMLReporter -->
<testsuite ignored="0" hostname="DESKTOP-KD7B1SL" failures="0" tests="12" name="Default test" time="132.799" errors="0" timestamp="2022-10-21T16:48:01 IST">
  <testcase classname="Agent_Scripts.Agent_Analytics" name="tc10_Filter_Yearly" time="10.007"/>
  <testcase classname="Agent_Scripts.Agent_Analytics" name="tc11_Filter_Cancel" time="10.064"/>
  <testcase classname="Agent_Scripts.Agent_Analytics" name="tc12_Filter_custom" time="9.609"/>
  <testcase classname="Agent_Scripts.Agent_Analytics" name="tc1_Analytics" time="5.767"/>
  <testcase classname="Agent_Scripts.Agent_Analytics" name="tc2_Schedule_Video_Calls" time="6.89"/>
  <testcase classname="Agent_Scripts.Agent_Analytics" name="tc3_Incoming_Video_calls" time="6.956"/>
  <testcase classname="Agent_Scripts.Agent_Analytics" name="tc4_Rejected_calls" time="6.86"/>
  <testcase classname="Agent_Scripts.Agent_Analytics" name="tc5_Feedbacks" time="5.982"/>
  <testcase classname="Agent_Scripts.Agent_Analytics" name="tc6_Analytics_Filter" time="8.085"/>
  <testcase classname="Agent_Scripts.Agent_Analytics" name="tc7_Filter_Daily" time="10.295"/>
  <testcase classname="Agent_Scripts.Agent_Analytics" name="tc8_Filter_Weekly" time="9.41"/>
  <testcase classname="Agent_Scripts.Agent_Analytics" name="tc9_Filter_Monthly" time="9.204"/>
</testsuite> <!-- Default test -->
