<?xml version="1.0" encoding="UTF-8"?>
<!-- Generated by org.testng.reporters.JUnitXMLReporter -->
<testsuite ignored="0" hostname="DESKTOP-KD7B1SL" failures="0" tests="22" name="Test" time="235.42" errors="0" timestamp="2022-10-21T17:07:25 IST">
  <testcase classname="Agent_Scripts.Agent_Analytics" name="tc10_Filter_Yearly" time="9.572"/>
  <testcase classname="Agent_Scripts.Agent_Analytics" name="tc11_Filter_Cancel" time="9.422"/>
  <testcase classname="Agent_Scripts.Agent_Analytics" name="tc12_Filter_custom" time="9.697"/>
  <testcase classname="Agent_Scripts.Agent_Analytics" name="tc1_Analytics" time="5.849"/>
  <testcase classname="Agent_Scripts.Agent_Analytics" name="tc2_Schedule_Video_Calls" time="6.819"/>
  <testcase classname="Agent_Scripts.Agent_Analytics" name="tc3_Incoming_Video_calls" time="6.707"/>
  <testcase classname="Agent_Scripts.Agent_Analytics" name="tc4_Rejected_calls" time="6.912"/>
  <testcase classname="Agent_Scripts.Agent_Analytics" name="tc5_Feedbacks" time="5.885"/>
  <testcase classname="Agent_Scripts.Agent_Analytics" name="tc6_Analytics_Filter" time="8.212"/>
  <testcase classname="Agent_Scripts.Agent_Analytics" name="tc7_Filter_Daily" time="10.142"/>
  <testcase classname="Agent_Scripts.Agent_Analytics" name="tc8_Filter_Weekly" time="9.129"/>
  <testcase classname="Agent_Scripts.Agent_Analytics" name="tc9_Filter_Monthly" time="9.521"/>
  <testcase classname="Agent_Scripts.Agent_Recent_Calls" name="tc10_List_Of_Calls" time="6.106"/>
  <testcase classname="Agent_Scripts.Agent_Recent_Calls" name="tc1_Recent_Calls_BTN" time="4.815"/>
  <testcase classname="Agent_Scripts.Agent_Recent_Calls" name="tc2_Search_TextField" time="7.764"/>
  <testcase classname="Agent_Scripts.Agent_Recent_Calls" name="tc3_Filter_ALL" time="9.064"/>
  <testcase classname="Agent_Scripts.Agent_Recent_Calls" name="tc4_Filter_completed" time="9.165"/>
  <testcase classname="Agent_Scripts.Agent_Recent_Calls" name="tc5_Filter_rejected" time="9.168"/>
  <testcase classname="Agent_Scripts.Agent_Recent_Calls" name="tc6_Filter_schedule" time="9.188"/>
  <testcase classname="Agent_Scripts.Agent_Recent_Calls" name="tc7_Filter_rejected" time="9.222"/>
  <testcase classname="Agent_Scripts.Agent_Recent_Calls" name="tc8_Filter_Cancel" time="9.102"/>
  <testcase classname="Agent_Scripts.Agent_Recent_Calls" name="tc9_Filter_Custom_date" time="8.893"/>
</testsuite> <!-- Test -->
