<?xml version="1.0" encoding="UTF-8"?>
<!-- Generated by org.testng.reporters.JUnitXMLReporter -->
<testsuite ignored="9" hostname="DESKTOP-KD7B1SL" failures="0" tests="2" name="Test(failed)(failed)(failed)(failed)(failed)" time="20.64" errors="0" timestamp="2022-10-11T17:25:37 IST">
  <testcase classname="admin_scripts.Ad_Manage_Devices" name="tc5_searchTB_Invalid" time="6.449"/>
  <testcase classname="admin_scripts.Ad_Manage_Devices" name="tc7_Scoll_for_Name" time="6.299"/>
  <testcase classname="admin_scripts.Ad_Manage_Devices" name="tc6_searchTB_Invalid" time="0.0">
    <ignored/>
  </testcase> <!-- tc6_searchTB_Invalid -->
  <testcase classname="admin_scripts.Ad_Manage_Devices" name="tc3_invalidCode" time="0.0">
    <ignored/>
  </testcase> <!-- tc3_invalidCode -->
  <testcase classname="admin_scripts.Ad_Manage_Devices" name="tc2_Add_Device" time="0.0">
    <ignored/>
  </testcase> <!-- tc2_Add_Device -->
  <testcase classname="admin_scripts.Ad_Manage_Devices" name="tc10_Delete_device" time="0.0">
    <ignored/>
  </testcase> <!-- tc10_Delete_device -->
  <testcase classname="admin_scripts.Ad_Manage_Devices" name="tc8_Device" time="0.0">
    <ignored/>
  </testcase> <!-- tc8_Device -->
  <testcase classname="admin_scripts.Ad_Manage_Devices" name="tc4_invalidCode_Cancel" time="0.0">
    <ignored/>
  </testcase> <!-- tc4_invalidCode_Cancel -->
  <testcase classname="admin_scripts.Ad_Manage_Devices" name="tc11_Change_agent" time="0.0">
    <ignored/>
  </testcase> <!-- tc11_Change_agent -->
  <testcase classname="admin_scripts.Ad_Manage_Devices" name="tc1_Manage_device" time="0.0">
    <ignored/>
  </testcase> <!-- tc1_Manage_device -->
  <testcase classname="admin_scripts.Ad_Manage_Devices" name="tc9_ChangeDevice_CANCEL" time="0.0">
    <ignored/>
  </testcase> <!-- tc9_ChangeDevice_CANCEL -->
</testsuite> <!-- Test(failed)(failed)(failed)(failed)(failed) -->
