<?xml version="1.0" encoding="UTF-8"?>
<!-- Generated by org.testng.reporters.JUnitXMLReporter -->
<testsuite ignored="19" hostname="DESKTOP-KD7B1SL" failures="0" tests="1" name="Default test(failed)(failed)(failed)(failed)" time="24.348" errors="0" timestamp="2022-09-19T17:09:54 IST">
  <testcase classname="scripts.inAPI_My_profile" name="tc17" time="15.402"/>
  <testcase classname="scripts.inAPI_My_profile" name="tc7" time="0.0">
    <ignored/>
  </testcase> <!-- tc7 -->
  <testcase classname="scripts.inAPI_My_profile" name="tc8" time="0.0">
    <ignored/>
  </testcase> <!-- tc8 -->
  <testcase classname="scripts.inAPI_My_profile" name="tc9" time="0.0">
    <ignored/>
  </testcase> <!-- tc9 -->
  <testcase classname="scripts.inAPI_My_profile" name="tc2" time="0.0">
    <ignored/>
  </testcase> <!-- tc2 -->
  <testcase classname="scripts.inAPI_My_profile" name="tc14" time="0.0">
    <ignored/>
  </testcase> <!-- tc14 -->
  <testcase classname="scripts.inAPI_My_profile" name="tc16" time="0.0">
    <ignored/>
  </testcase> <!-- tc16 -->
  <testcase classname="scripts.inAPI_My_profile" name="tc19" time="0.0">
    <ignored/>
  </testcase> <!-- tc19 -->
  <testcase classname="scripts.inAPI_My_profile" name="tc6" time="0.0">
    <ignored/>
  </testcase> <!-- tc6 -->
  <testcase classname="scripts.inAPI_My_profile" name="tc3" time="0.0">
    <ignored/>
  </testcase> <!-- tc3 -->
  <testcase classname="scripts.inAPI_My_profile" name="tc13" time="0.0">
    <ignored/>
  </testcase> <!-- tc13 -->
  <testcase classname="scripts.inAPI_My_profile" name="tc4" time="0.0">
    <ignored/>
  </testcase> <!-- tc4 -->
  <testcase classname="scripts.inAPI_My_profile" name="tc12" time="0.0">
    <ignored/>
  </testcase> <!-- tc12 -->
  <testcase classname="scripts.inAPI_My_profile" name="tc1" time="0.0">
    <ignored/>
  </testcase> <!-- tc1 -->
  <testcase classname="scripts.inAPI_My_profile" name="tc15" time="0.0">
    <ignored/>
  </testcase> <!-- tc15 -->
  <testcase classname="scripts.inAPI_My_profile" name="tc20" time="0.0">
    <ignored/>
  </testcase> <!-- tc20 -->
  <testcase classname="scripts.inAPI_My_profile" name="tc5" time="0.0">
    <ignored/>
  </testcase> <!-- tc5 -->
  <testcase classname="scripts.inAPI_My_profile" name="tc11" time="0.0">
    <ignored/>
  </testcase> <!-- tc11 -->
  <testcase classname="scripts.inAPI_My_profile" name="tc18" time="0.0">
    <ignored/>
  </testcase> <!-- tc18 -->
  <testcase classname="scripts.inAPI_My_profile" name="tc10" time="0.0">
    <ignored/>
  </testcase> <!-- tc10 -->
</testsuite> <!-- Default test(failed)(failed)(failed)(failed) -->
