<?xml version="1.0" encoding="UTF-8"?>
<!-- Generated by org.testng.reporters.JUnitXMLReporter -->
<testsuite ignored="9" hostname="DESKTOP-KD7B1SL" failures="0" tests="1" name="Test(failed)(failed)(failed)(failed)" time="17.226" errors="0" timestamp="2022-10-17T17:25:34 IST">
  <testcase classname="Customer_scripts.Cust_Avatar_Profile" name="tc9_Delete_Avatar" time="12.97"/>
  <testcase classname="Customer_scripts.Cust_Avatar_Profile" name="tc6_My_Profile_Country" time="0.0">
    <ignored/>
  </testcase> <!-- tc6_My_Profile_Country -->
  <testcase classname="Customer_scripts.Cust_Avatar_Profile" name="tc4_My_Profile_Gender" time="0.0">
    <ignored/>
  </testcase> <!-- tc4_My_Profile_Gender -->
  <testcase classname="Customer_scripts.Cust_Avatar_Profile" name="tc3_My_Profile_LastName" time="0.0">
    <ignored/>
  </testcase> <!-- tc3_My_Profile_LastName -->
  <testcase classname="Customer_scripts.Cust_Avatar_Profile" name="tc2_My_Profile_FirstName" time="0.0">
    <ignored/>
  </testcase> <!-- tc2_My_Profile_FirstName -->
  <testcase classname="Customer_scripts.Cust_Avatar_Profile" name="tc7_Complete_My_Profile" time="0.0">
    <ignored/>
  </testcase> <!-- tc7_Complete_My_Profile -->
  <testcase classname="Customer_scripts.Cust_Avatar_Profile" name="tc5_My_Profile_Phone" time="0.0">
    <ignored/>
  </testcase> <!-- tc5_My_Profile_Phone -->
  <testcase classname="Customer_scripts.Cust_Avatar_Profile" name="tc8_Upload_Avatar" time="0.0">
    <ignored/>
  </testcase> <!-- tc8_Upload_Avatar -->
  <testcase classname="Customer_scripts.Cust_Avatar_Profile" name="tc10_Upload_Avatar" time="0.0">
    <ignored/>
  </testcase> <!-- tc10_Upload_Avatar -->
  <testcase classname="Customer_scripts.Cust_Avatar_Profile" name="tc1_Avatar_My_Profile" time="0.0">
    <ignored/>
  </testcase> <!-- tc1_Avatar_My_Profile -->
</testsuite> <!-- Test(failed)(failed)(failed)(failed) -->
