<?xml version="1.0" encoding="UTF-8"?>
<testng-results ignored="0" total="22" passed="22" failed="0" skipped="0">
  <reporter-output>
  </reporter-output>
  <suite started-at="2022-10-21T17:03:29 IST" name="Suite" finished-at="2022-10-21T17:07:25 IST" duration-ms="235420">
    <groups>
    </groups>
    <test started-at="2022-10-21T17:03:29 IST" name="Test" finished-at="2022-10-21T17:07:25 IST" duration-ms="235420">
      <class name="Agent_Scripts.Agent_Analytics">
        <test-method is-config="true" signature="openApp()[pri:0, instance:Agent_Scripts.Agent_Analytics@6f46426d]" started-at="2022-10-21T17:03:29 IST" name="openApp" finished-at="2022-10-21T17:03:33 IST" duration-ms="3864" status="PASS">
          <reporter-output>
          </reporter-output>
        </test-method> <!-- openApp -->
        <test-method signature="tc10_Filter_Yearly()[pri:0, instance:Agent_Scripts.Agent_Analytics@6f46426d]" started-at="2022-10-21T17:03:33 IST" name="tc10_Filter_Yearly" finished-at="2022-10-21T17:03:43 IST" duration-ms="9572" status="PASS">
          <reporter-output>
          </reporter-output>
        </test-method> <!-- tc10_Filter_Yearly -->
        <test-method is-config="true" signature="closeApp(org.testng.ITestResult)[pri:0, instance:Agent_Scripts.Agent_Analytics@6f46426d]" started-at="2022-10-21T17:03:43 IST" name="closeApp" finished-at="2022-10-21T17:03:43 IST" duration-ms="350" status="PASS">
          <params>
            <param index="0">
              <value>
                <![CDATA[[TestResult name=tc10_Filter_Yearly status=SUCCESS method=Agent_Analytics.tc10_Filter_Yearly()[pri:0, instance:Agent_Scripts.Agent_Analytics@6f46426d] output={null}]]]>
              </value>
            </param>
          </params>
          <reporter-output>
          </reporter-output>
        </test-method> <!-- closeApp -->
        <test-method is-config="true" signature="openApp()[pri:0, instance:Agent_Scripts.Agent_Analytics@6f46426d]" started-at="2022-10-21T17:03:43 IST" name="openApp" finished-at="2022-10-21T17:03:45 IST" duration-ms="1865" status="PASS">
          <reporter-output>
          </reporter-output>
        </test-method> <!-- openApp -->
        <test-method signature="tc11_Filter_Cancel()[pri:0, instance:Agent_Scripts.Agent_Analytics@6f46426d]" started-at="2022-10-21T17:03:45 IST" name="tc11_Filter_Cancel" finished-at="2022-10-21T17:03:54 IST" duration-ms="9422" status="PASS">
          <reporter-output>
          </reporter-output>
        </test-method> <!-- tc11_Filter_Cancel -->
        <test-method is-config="true" signature="closeApp(org.testng.ITestResult)[pri:0, instance:Agent_Scripts.Agent_Analytics@6f46426d]" started-at="2022-10-21T17:03:54 IST" name="closeApp" finished-at="2022-10-21T17:03:55 IST" duration-ms="361" status="PASS">
          <params>
            <param index="0">
              <value>
                <![CDATA[[TestResult name=tc11_Filter_Cancel status=SUCCESS method=Agent_Analytics.tc11_Filter_Cancel()[pri:0, instance:Agent_Scripts.Agent_Analytics@6f46426d] output={null}]]]>
              </value>
            </param>
          </params>
          <reporter-output>
          </reporter-output>
        </test-method> <!-- closeApp -->
        <test-method is-config="true" signature="openApp()[pri:0, instance:Agent_Scripts.Agent_Analytics@6f46426d]" started-at="2022-10-21T17:03:55 IST" name="openApp" finished-at="2022-10-21T17:03:57 IST" duration-ms="1746" status="PASS">
          <reporter-output>
          </reporter-output>
        </test-method> <!-- openApp -->
        <test-method signature="tc12_Filter_custom()[pri:0, instance:Agent_Scripts.Agent_Analytics@6f46426d]" started-at="2022-10-21T17:03:57 IST" name="tc12_Filter_custom" finished-at="2022-10-21T17:04:06 IST" duration-ms="9697" status="PASS">
          <reporter-output>
          </reporter-output>
        </test-method> <!-- tc12_Filter_custom -->
        <test-method is-config="true" signature="closeApp(org.testng.ITestResult)[pri:0, instance:Agent_Scripts.Agent_Analytics@6f46426d]" started-at="2022-10-21T17:04:06 IST" name="closeApp" finished-at="2022-10-21T17:04:07 IST" duration-ms="315" status="PASS">
          <params>
            <param index="0">
              <value>
                <![CDATA[[TestResult name=tc12_Filter_custom status=SUCCESS method=Agent_Analytics.tc12_Filter_custom()[pri:0, instance:Agent_Scripts.Agent_Analytics@6f46426d] output={null}]]]>
              </value>
            </param>
          </params>
          <reporter-output>
          </reporter-output>
        </test-method> <!-- closeApp -->
        <test-method is-config="true" signature="openApp()[pri:0, instance:Agent_Scripts.Agent_Analytics@6f46426d]" started-at="2022-10-21T17:04:07 IST" name="openApp" finished-at="2022-10-21T17:04:08 IST" duration-ms="1751" status="PASS">
          <reporter-output>
          </reporter-output>
        </test-method> <!-- openApp -->
        <test-method signature="tc1_Analytics()[pri:0, instance:Agent_Scripts.Agent_Analytics@6f46426d]" started-at="2022-10-21T17:04:08 IST" name="tc1_Analytics" finished-at="2022-10-21T17:04:14 IST" duration-ms="5849" status="PASS">
          <reporter-output>
          </reporter-output>
        </test-method> <!-- tc1_Analytics -->
        <test-method is-config="true" signature="closeApp(org.testng.ITestResult)[pri:0, instance:Agent_Scripts.Agent_Analytics@6f46426d]" started-at="2022-10-21T17:04:14 IST" name="closeApp" finished-at="2022-10-21T17:04:16 IST" duration-ms="1422" status="PASS">
          <params>
            <param index="0">
              <value>
                <![CDATA[[TestResult name=tc1_Analytics status=SUCCESS method=Agent_Analytics.tc1_Analytics()[pri:0, instance:Agent_Scripts.Agent_Analytics@6f46426d] output={null}]]]>
              </value>
            </param>
          </params>
          <reporter-output>
          </reporter-output>
        </test-method> <!-- closeApp -->
        <test-method is-config="true" signature="openApp()[pri:0, instance:Agent_Scripts.Agent_Analytics@6f46426d]" started-at="2022-10-21T17:04:16 IST" name="openApp" finished-at="2022-10-21T17:04:17 IST" duration-ms="1911" status="PASS">
          <reporter-output>
          </reporter-output>
        </test-method> <!-- openApp -->
        <test-method signature="tc2_Schedule_Video_Calls()[pri:0, instance:Agent_Scripts.Agent_Analytics@6f46426d]" started-at="2022-10-21T17:04:17 IST" name="tc2_Schedule_Video_Calls" finished-at="2022-10-21T17:04:24 IST" duration-ms="6819" status="PASS">
          <reporter-output>
          </reporter-output>
        </test-method> <!-- tc2_Schedule_Video_Calls -->
        <test-method is-config="true" signature="closeApp(org.testng.ITestResult)[pri:0, instance:Agent_Scripts.Agent_Analytics@6f46426d]" started-at="2022-10-21T17:04:24 IST" name="closeApp" finished-at="2022-10-21T17:04:26 IST" duration-ms="1277" status="PASS">
          <params>
            <param index="0">
              <value>
                <![CDATA[[TestResult name=tc2_Schedule_Video_Calls status=SUCCESS method=Agent_Analytics.tc2_Schedule_Video_Calls()[pri:0, instance:Agent_Scripts.Agent_Analytics@6f46426d] output={null}]]]>
              </value>
            </param>
          </params>
          <reporter-output>
          </reporter-output>
        </test-method> <!-- closeApp -->
        <test-method is-config="true" signature="openApp()[pri:0, instance:Agent_Scripts.Agent_Analytics@6f46426d]" started-at="2022-10-21T17:04:26 IST" name="openApp" finished-at="2022-10-21T17:04:27 IST" duration-ms="1733" status="PASS">
          <reporter-output>
          </reporter-output>
        </test-method> <!-- openApp -->
        <test-method signature="tc3_Incoming_Video_calls()[pri:0, instance:Agent_Scripts.Agent_Analytics@6f46426d]" started-at="2022-10-21T17:04:27 IST" name="tc3_Incoming_Video_calls" finished-at="2022-10-21T17:04:34 IST" duration-ms="6707" status="PASS">
          <reporter-output>
          </reporter-output>
        </test-method> <!-- tc3_Incoming_Video_calls -->
        <test-method is-config="true" signature="closeApp(org.testng.ITestResult)[pri:0, instance:Agent_Scripts.Agent_Analytics@6f46426d]" started-at="2022-10-21T17:04:34 IST" name="closeApp" finished-at="2022-10-21T17:04:35 IST" duration-ms="1218" status="PASS">
          <params>
            <param index="0">
              <value>
                <![CDATA[[TestResult name=tc3_Incoming_Video_calls status=SUCCESS method=Agent_Analytics.tc3_Incoming_Video_calls()[pri:0, instance:Agent_Scripts.Agent_Analytics@6f46426d] output={null}]]]>
              </value>
            </param>
          </params>
          <reporter-output>
          </reporter-output>
        </test-method> <!-- closeApp -->
        <test-method is-config="true" signature="openApp()[pri:0, instance:Agent_Scripts.Agent_Analytics@6f46426d]" started-at="2022-10-21T17:04:35 IST" name="openApp" finished-at="2022-10-21T17:04:37 IST" duration-ms="1812" status="PASS">
          <reporter-output>
          </reporter-output>
        </test-method> <!-- openApp -->
        <test-method signature="tc4_Rejected_calls()[pri:0, instance:Agent_Scripts.Agent_Analytics@6f46426d]" started-at="2022-10-21T17:04:37 IST" name="tc4_Rejected_calls" finished-at="2022-10-21T17:04:44 IST" duration-ms="6912" status="PASS">
          <reporter-output>
          </reporter-output>
        </test-method> <!-- tc4_Rejected_calls -->
        <test-method is-config="true" signature="closeApp(org.testng.ITestResult)[pri:0, instance:Agent_Scripts.Agent_Analytics@6f46426d]" started-at="2022-10-21T17:04:44 IST" name="closeApp" finished-at="2022-10-21T17:04:45 IST" duration-ms="1297" status="PASS">
          <params>
            <param index="0">
              <value>
                <![CDATA[[TestResult name=tc4_Rejected_calls status=SUCCESS method=Agent_Analytics.tc4_Rejected_calls()[pri:0, instance:Agent_Scripts.Agent_Analytics@6f46426d] output={null}]]]>
              </value>
            </param>
          </params>
          <reporter-output>
          </reporter-output>
        </test-method> <!-- closeApp -->
        <test-method is-config="true" signature="openApp()[pri:0, instance:Agent_Scripts.Agent_Analytics@6f46426d]" started-at="2022-10-21T17:04:45 IST" name="openApp" finished-at="2022-10-21T17:04:47 IST" duration-ms="1738" status="PASS">
          <reporter-output>
          </reporter-output>
        </test-method> <!-- openApp -->
        <test-method signature="tc5_Feedbacks()[pri:0, instance:Agent_Scripts.Agent_Analytics@6f46426d]" started-at="2022-10-21T17:04:47 IST" name="tc5_Feedbacks" finished-at="2022-10-21T17:04:53 IST" duration-ms="5885" status="PASS">
          <reporter-output>
          </reporter-output>
        </test-method> <!-- tc5_Feedbacks -->
        <test-method is-config="true" signature="closeApp(org.testng.ITestResult)[pri:0, instance:Agent_Scripts.Agent_Analytics@6f46426d]" started-at="2022-10-21T17:04:53 IST" name="closeApp" finished-at="2022-10-21T17:04:54 IST" duration-ms="1405" status="PASS">
          <params>
            <param index="0">
              <value>
                <![CDATA[[TestResult name=tc5_Feedbacks status=SUCCESS method=Agent_Analytics.tc5_Feedbacks()[pri:0, instance:Agent_Scripts.Agent_Analytics@6f46426d] output={null}]]]>
              </value>
            </param>
          </params>
          <reporter-output>
          </reporter-output>
        </test-method> <!-- closeApp -->
        <test-method is-config="true" signature="openApp()[pri:0, instance:Agent_Scripts.Agent_Analytics@6f46426d]" started-at="2022-10-21T17:04:54 IST" name="openApp" finished-at="2022-10-21T17:04:56 IST" duration-ms="2063" status="PASS">
          <reporter-output>
          </reporter-output>
        </test-method> <!-- openApp -->
        <test-method signature="tc6_Analytics_Filter()[pri:0, instance:Agent_Scripts.Agent_Analytics@6f46426d]" started-at="2022-10-21T17:04:56 IST" name="tc6_Analytics_Filter" finished-at="2022-10-21T17:05:05 IST" duration-ms="8212" status="PASS">
          <reporter-output>
          </reporter-output>
        </test-method> <!-- tc6_Analytics_Filter -->
        <test-method is-config="true" signature="closeApp(org.testng.ITestResult)[pri:0, instance:Agent_Scripts.Agent_Analytics@6f46426d]" started-at="2022-10-21T17:05:05 IST" name="closeApp" finished-at="2022-10-21T17:05:05 IST" duration-ms="664" status="PASS">
          <params>
            <param index="0">
              <value>
                <![CDATA[[TestResult name=tc6_Analytics_Filter status=SUCCESS method=Agent_Analytics.tc6_Analytics_Filter()[pri:0, instance:Agent_Scripts.Agent_Analytics@6f46426d] output={null}]]]>
              </value>
            </param>
          </params>
          <reporter-output>
          </reporter-output>
        </test-method> <!-- closeApp -->
        <test-method is-config="true" signature="openApp()[pri:0, instance:Agent_Scripts.Agent_Analytics@6f46426d]" started-at="2022-10-21T17:05:05 IST" name="openApp" finished-at="2022-10-21T17:05:07 IST" duration-ms="1850" status="PASS">
          <reporter-output>
          </reporter-output>
        </test-method> <!-- openApp -->
        <test-method signature="tc7_Filter_Daily()[pri:0, instance:Agent_Scripts.Agent_Analytics@6f46426d]" started-at="2022-10-21T17:05:07 IST" name="tc7_Filter_Daily" finished-at="2022-10-21T17:05:17 IST" duration-ms="10142" status="PASS">
          <reporter-output>
          </reporter-output>
        </test-method> <!-- tc7_Filter_Daily -->
        <test-method is-config="true" signature="closeApp(org.testng.ITestResult)[pri:0, instance:Agent_Scripts.Agent_Analytics@6f46426d]" started-at="2022-10-21T17:05:17 IST" name="closeApp" finished-at="2022-10-21T17:05:18 IST" duration-ms="557" status="PASS">
          <params>
            <param index="0">
              <value>
                <![CDATA[[TestResult name=tc7_Filter_Daily status=SUCCESS method=Agent_Analytics.tc7_Filter_Daily()[pri:0, instance:Agent_Scripts.Agent_Analytics@6f46426d] output={null}]]]>
              </value>
            </param>
          </params>
          <reporter-output>
          </reporter-output>
        </test-method> <!-- closeApp -->
        <test-method is-config="true" signature="openApp()[pri:0, instance:Agent_Scripts.Agent_Analytics@6f46426d]" started-at="2022-10-21T17:05:18 IST" name="openApp" finished-at="2022-10-21T17:05:20 IST" duration-ms="1799" status="PASS">
          <reporter-output>
          </reporter-output>
        </test-method> <!-- openApp -->
        <test-method signature="tc8_Filter_Weekly()[pri:0, instance:Agent_Scripts.Agent_Analytics@6f46426d]" started-at="2022-10-21T17:05:20 IST" name="tc8_Filter_Weekly" finished-at="2022-10-21T17:05:29 IST" duration-ms="9129" status="PASS">
          <reporter-output>
          </reporter-output>
        </test-method> <!-- tc8_Filter_Weekly -->
        <test-method is-config="true" signature="closeApp(org.testng.ITestResult)[pri:0, instance:Agent_Scripts.Agent_Analytics@6f46426d]" started-at="2022-10-21T17:05:29 IST" name="closeApp" finished-at="2022-10-21T17:05:29 IST" duration-ms="303" status="PASS">
          <params>
            <param index="0">
              <value>
                <![CDATA[[TestResult name=tc8_Filter_Weekly status=SUCCESS method=Agent_Analytics.tc8_Filter_Weekly()[pri:0, instance:Agent_Scripts.Agent_Analytics@6f46426d] output={null}]]]>
              </value>
            </param>
          </params>
          <reporter-output>
          </reporter-output>
        </test-method> <!-- closeApp -->
        <test-method is-config="true" signature="openApp()[pri:0, instance:Agent_Scripts.Agent_Analytics@6f46426d]" started-at="2022-10-21T17:05:29 IST" name="openApp" finished-at="2022-10-21T17:05:31 IST" duration-ms="1805" status="PASS">
          <reporter-output>
          </reporter-output>
        </test-method> <!-- openApp -->
        <test-method signature="tc9_Filter_Monthly()[pri:0, instance:Agent_Scripts.Agent_Analytics@6f46426d]" started-at="2022-10-21T17:05:31 IST" name="tc9_Filter_Monthly" finished-at="2022-10-21T17:05:40 IST" duration-ms="9521" status="PASS">
          <reporter-output>
          </reporter-output>
        </test-method> <!-- tc9_Filter_Monthly -->
        <test-method is-config="true" signature="closeApp(org.testng.ITestResult)[pri:0, instance:Agent_Scripts.Agent_Analytics@6f46426d]" started-at="2022-10-21T17:05:40 IST" name="closeApp" finished-at="2022-10-21T17:05:41 IST" duration-ms="319" status="PASS">
          <params>
            <param index="0">
              <value>
                <![CDATA[[TestResult name=tc9_Filter_Monthly status=SUCCESS method=Agent_Analytics.tc9_Filter_Monthly()[pri:0, instance:Agent_Scripts.Agent_Analytics@6f46426d] output={null}]]]>
              </value>
            </param>
          </params>
          <reporter-output>
          </reporter-output>
        </test-method> <!-- closeApp -->
      </class> <!-- Agent_Scripts.Agent_Analytics -->
      <class name="Agent_Scripts.Agent_Recent_Calls">
        <test-method is-config="true" signature="openApp()[pri:0, instance:Agent_Scripts.Agent_Recent_Calls@543588e6]" started-at="2022-10-21T17:05:41 IST" name="openApp" finished-at="2022-10-21T17:05:42 IST" duration-ms="1706" status="PASS">
          <reporter-output>
          </reporter-output>
        </test-method> <!-- openApp -->
        <test-method signature="tc10_List_Of_Calls()[pri:0, instance:Agent_Scripts.Agent_Recent_Calls@543588e6]" started-at="2022-10-21T17:05:42 IST" name="tc10_List_Of_Calls" finished-at="2022-10-21T17:05:48 IST" duration-ms="6106" status="PASS">
          <reporter-output>
          </reporter-output>
        </test-method> <!-- tc10_List_Of_Calls -->
        <test-method is-config="true" signature="closeApp(org.testng.ITestResult)[pri:0, instance:Agent_Scripts.Agent_Recent_Calls@543588e6]" started-at="2022-10-21T17:05:48 IST" name="closeApp" finished-at="2022-10-21T17:05:49 IST" duration-ms="329" status="PASS">
          <params>
            <param index="0">
              <value>
                <![CDATA[[TestResult name=tc10_List_Of_Calls status=SUCCESS method=Agent_Recent_Calls.tc10_List_Of_Calls()[pri:0, instance:Agent_Scripts.Agent_Recent_Calls@543588e6] output={null}]]]>
              </value>
            </param>
          </params>
          <reporter-output>
          </reporter-output>
        </test-method> <!-- closeApp -->
        <test-method is-config="true" signature="openApp()[pri:0, instance:Agent_Scripts.Agent_Recent_Calls@543588e6]" started-at="2022-10-21T17:05:49 IST" name="openApp" finished-at="2022-10-21T17:05:51 IST" duration-ms="1756" status="PASS">
          <reporter-output>
          </reporter-output>
        </test-method> <!-- openApp -->
        <test-method signature="tc1_Recent_Calls_BTN()[pri:0, instance:Agent_Scripts.Agent_Recent_Calls@543588e6]" started-at="2022-10-21T17:05:51 IST" name="tc1_Recent_Calls_BTN" finished-at="2022-10-21T17:05:55 IST" duration-ms="4815" status="PASS">
          <reporter-output>
          </reporter-output>
        </test-method> <!-- tc1_Recent_Calls_BTN -->
        <test-method is-config="true" signature="closeApp(org.testng.ITestResult)[pri:0, instance:Agent_Scripts.Agent_Recent_Calls@543588e6]" started-at="2022-10-21T17:05:55 IST" name="closeApp" finished-at="2022-10-21T17:05:56 IST" duration-ms="291" status="PASS">
          <params>
            <param index="0">
              <value>
                <![CDATA[[TestResult name=tc1_Recent_Calls_BTN status=SUCCESS method=Agent_Recent_Calls.tc1_Recent_Calls_BTN()[pri:0, instance:Agent_Scripts.Agent_Recent_Calls@543588e6] output={null}]]]>
              </value>
            </param>
          </params>
          <reporter-output>
          </reporter-output>
        </test-method> <!-- closeApp -->
        <test-method is-config="true" signature="openApp()[pri:0, instance:Agent_Scripts.Agent_Recent_Calls@543588e6]" started-at="2022-10-21T17:05:56 IST" name="openApp" finished-at="2022-10-21T17:05:57 IST" duration-ms="1709" status="PASS">
          <reporter-output>
          </reporter-output>
        </test-method> <!-- openApp -->
        <test-method signature="tc2_Search_TextField()[pri:0, instance:Agent_Scripts.Agent_Recent_Calls@543588e6]" started-at="2022-10-21T17:05:57 IST" name="tc2_Search_TextField" finished-at="2022-10-21T17:06:05 IST" duration-ms="7764" status="PASS">
          <reporter-output>
          </reporter-output>
        </test-method> <!-- tc2_Search_TextField -->
        <test-method is-config="true" signature="closeApp(org.testng.ITestResult)[pri:0, instance:Agent_Scripts.Agent_Recent_Calls@543588e6]" started-at="2022-10-21T17:06:05 IST" name="closeApp" finished-at="2022-10-21T17:06:05 IST" duration-ms="269" status="PASS">
          <params>
            <param index="0">
              <value>
                <![CDATA[[TestResult name=tc2_Search_TextField status=SUCCESS method=Agent_Recent_Calls.tc2_Search_TextField()[pri:0, instance:Agent_Scripts.Agent_Recent_Calls@543588e6] output={null}]]]>
              </value>
            </param>
          </params>
          <reporter-output>
          </reporter-output>
        </test-method> <!-- closeApp -->
        <test-method is-config="true" signature="openApp()[pri:0, instance:Agent_Scripts.Agent_Recent_Calls@543588e6]" started-at="2022-10-21T17:06:05 IST" name="openApp" finished-at="2022-10-21T17:06:07 IST" duration-ms="1829" status="PASS">
          <reporter-output>
          </reporter-output>
        </test-method> <!-- openApp -->
        <test-method signature="tc3_Filter_ALL()[pri:0, instance:Agent_Scripts.Agent_Recent_Calls@543588e6]" started-at="2022-10-21T17:06:07 IST" name="tc3_Filter_ALL" finished-at="2022-10-21T17:06:16 IST" duration-ms="9064" status="PASS">
          <reporter-output>
          </reporter-output>
        </test-method> <!-- tc3_Filter_ALL -->
        <test-method is-config="true" signature="closeApp(org.testng.ITestResult)[pri:0, instance:Agent_Scripts.Agent_Recent_Calls@543588e6]" started-at="2022-10-21T17:06:16 IST" name="closeApp" finished-at="2022-10-21T17:06:17 IST" duration-ms="307" status="PASS">
          <params>
            <param index="0">
              <value>
                <![CDATA[[TestResult name=tc3_Filter_ALL status=SUCCESS method=Agent_Recent_Calls.tc3_Filter_ALL()[pri:0, instance:Agent_Scripts.Agent_Recent_Calls@543588e6] output={null}]]]>
              </value>
            </param>
          </params>
          <reporter-output>
          </reporter-output>
        </test-method> <!-- closeApp -->
        <test-method is-config="true" signature="openApp()[pri:0, instance:Agent_Scripts.Agent_Recent_Calls@543588e6]" started-at="2022-10-21T17:06:17 IST" name="openApp" finished-at="2022-10-21T17:06:18 IST" duration-ms="1762" status="PASS">
          <reporter-output>
          </reporter-output>
        </test-method> <!-- openApp -->
        <test-method signature="tc4_Filter_completed()[pri:0, instance:Agent_Scripts.Agent_Recent_Calls@543588e6]" started-at="2022-10-21T17:06:18 IST" name="tc4_Filter_completed" finished-at="2022-10-21T17:06:28 IST" duration-ms="9165" status="PASS">
          <reporter-output>
          </reporter-output>
        </test-method> <!-- tc4_Filter_completed -->
        <test-method is-config="true" signature="closeApp(org.testng.ITestResult)[pri:0, instance:Agent_Scripts.Agent_Recent_Calls@543588e6]" started-at="2022-10-21T17:06:28 IST" name="closeApp" finished-at="2022-10-21T17:06:28 IST" duration-ms="308" status="PASS">
          <params>
            <param index="0">
              <value>
                <![CDATA[[TestResult name=tc4_Filter_completed status=SUCCESS method=Agent_Recent_Calls.tc4_Filter_completed()[pri:0, instance:Agent_Scripts.Agent_Recent_Calls@543588e6] output={null}]]]>
              </value>
            </param>
          </params>
          <reporter-output>
          </reporter-output>
        </test-method> <!-- closeApp -->
        <test-method is-config="true" signature="openApp()[pri:0, instance:Agent_Scripts.Agent_Recent_Calls@543588e6]" started-at="2022-10-21T17:06:28 IST" name="openApp" finished-at="2022-10-21T17:06:30 IST" duration-ms="1826" status="PASS">
          <reporter-output>
          </reporter-output>
        </test-method> <!-- openApp -->
        <test-method signature="tc5_Filter_rejected()[pri:0, instance:Agent_Scripts.Agent_Recent_Calls@543588e6]" started-at="2022-10-21T17:06:30 IST" name="tc5_Filter_rejected" finished-at="2022-10-21T17:06:39 IST" duration-ms="9168" status="PASS">
          <reporter-output>
          </reporter-output>
        </test-method> <!-- tc5_Filter_rejected -->
        <test-method is-config="true" signature="closeApp(org.testng.ITestResult)[pri:0, instance:Agent_Scripts.Agent_Recent_Calls@543588e6]" started-at="2022-10-21T17:06:39 IST" name="closeApp" finished-at="2022-10-21T17:06:40 IST" duration-ms="1091" status="PASS">
          <params>
            <param index="0">
              <value>
                <![CDATA[[TestResult name=tc5_Filter_rejected status=SUCCESS method=Agent_Recent_Calls.tc5_Filter_rejected()[pri:0, instance:Agent_Scripts.Agent_Recent_Calls@543588e6] output={null}]]]>
              </value>
            </param>
          </params>
          <reporter-output>
          </reporter-output>
        </test-method> <!-- closeApp -->
        <test-method is-config="true" signature="openApp()[pri:0, instance:Agent_Scripts.Agent_Recent_Calls@543588e6]" started-at="2022-10-21T17:06:40 IST" name="openApp" finished-at="2022-10-21T17:06:42 IST" duration-ms="1767" status="PASS">
          <reporter-output>
          </reporter-output>
        </test-method> <!-- openApp -->
        <test-method signature="tc6_Filter_schedule()[pri:0, instance:Agent_Scripts.Agent_Recent_Calls@543588e6]" started-at="2022-10-21T17:06:42 IST" name="tc6_Filter_schedule" finished-at="2022-10-21T17:06:51 IST" duration-ms="9188" status="PASS">
          <reporter-output>
          </reporter-output>
        </test-method> <!-- tc6_Filter_schedule -->
        <test-method is-config="true" signature="closeApp(org.testng.ITestResult)[pri:0, instance:Agent_Scripts.Agent_Recent_Calls@543588e6]" started-at="2022-10-21T17:06:51 IST" name="closeApp" finished-at="2022-10-21T17:06:51 IST" duration-ms="383" status="PASS">
          <params>
            <param index="0">
              <value>
                <![CDATA[[TestResult name=tc6_Filter_schedule status=SUCCESS method=Agent_Recent_Calls.tc6_Filter_schedule()[pri:0, instance:Agent_Scripts.Agent_Recent_Calls@543588e6] output={null}]]]>
              </value>
            </param>
          </params>
          <reporter-output>
          </reporter-output>
        </test-method> <!-- closeApp -->
        <test-method is-config="true" signature="openApp()[pri:0, instance:Agent_Scripts.Agent_Recent_Calls@543588e6]" started-at="2022-10-21T17:06:51 IST" name="openApp" finished-at="2022-10-21T17:06:53 IST" duration-ms="1820" status="PASS">
          <reporter-output>
          </reporter-output>
        </test-method> <!-- openApp -->
        <test-method signature="tc7_Filter_rejected()[pri:0, instance:Agent_Scripts.Agent_Recent_Calls@543588e6]" started-at="2022-10-21T17:06:53 IST" name="tc7_Filter_rejected" finished-at="2022-10-21T17:07:02 IST" duration-ms="9222" status="PASS">
          <reporter-output>
          </reporter-output>
        </test-method> <!-- tc7_Filter_rejected -->
        <test-method is-config="true" signature="closeApp(org.testng.ITestResult)[pri:0, instance:Agent_Scripts.Agent_Recent_Calls@543588e6]" started-at="2022-10-21T17:07:02 IST" name="closeApp" finished-at="2022-10-21T17:07:03 IST" duration-ms="334" status="PASS">
          <params>
            <param index="0">
              <value>
                <![CDATA[[TestResult name=tc7_Filter_rejected status=SUCCESS method=Agent_Recent_Calls.tc7_Filter_rejected()[pri:0, instance:Agent_Scripts.Agent_Recent_Calls@543588e6] output={null}]]]>
              </value>
            </param>
          </params>
          <reporter-output>
          </reporter-output>
        </test-method> <!-- closeApp -->
        <test-method is-config="true" signature="openApp()[pri:0, instance:Agent_Scripts.Agent_Recent_Calls@543588e6]" started-at="2022-10-21T17:07:03 IST" name="openApp" finished-at="2022-10-21T17:07:04 IST" duration-ms="1700" status="PASS">
          <reporter-output>
          </reporter-output>
        </test-method> <!-- openApp -->
        <test-method signature="tc8_Filter_Cancel()[pri:0, instance:Agent_Scripts.Agent_Recent_Calls@543588e6]" started-at="2022-10-21T17:07:04 IST" name="tc8_Filter_Cancel" finished-at="2022-10-21T17:07:13 IST" duration-ms="9102" status="PASS">
          <reporter-output>
          </reporter-output>
        </test-method> <!-- tc8_Filter_Cancel -->
        <test-method is-config="true" signature="closeApp(org.testng.ITestResult)[pri:0, instance:Agent_Scripts.Agent_Recent_Calls@543588e6]" started-at="2022-10-21T17:07:13 IST" name="closeApp" finished-at="2022-10-21T17:07:14 IST" duration-ms="377" status="PASS">
          <params>
            <param index="0">
              <value>
                <![CDATA[[TestResult name=tc8_Filter_Cancel status=SUCCESS method=Agent_Recent_Calls.tc8_Filter_Cancel()[pri:0, instance:Agent_Scripts.Agent_Recent_Calls@543588e6] output={null}]]]>
              </value>
            </param>
          </params>
          <reporter-output>
          </reporter-output>
        </test-method> <!-- closeApp -->
        <test-method is-config="true" signature="openApp()[pri:0, instance:Agent_Scripts.Agent_Recent_Calls@543588e6]" started-at="2022-10-21T17:07:14 IST" name="openApp" finished-at="2022-10-21T17:07:16 IST" duration-ms="1671" status="PASS">
          <reporter-output>
          </reporter-output>
        </test-method> <!-- openApp -->
        <test-method signature="tc9_Filter_Custom_date()[pri:0, instance:Agent_Scripts.Agent_Recent_Calls@543588e6]" started-at="2022-10-21T17:07:16 IST" name="tc9_Filter_Custom_date" finished-at="2022-10-21T17:07:24 IST" duration-ms="8893" status="PASS">
          <reporter-output>
          </reporter-output>
        </test-method> <!-- tc9_Filter_Custom_date -->
        <test-method is-config="true" signature="closeApp(org.testng.ITestResult)[pri:0, instance:Agent_Scripts.Agent_Recent_Calls@543588e6]" started-at="2022-10-21T17:07:24 IST" name="closeApp" finished-at="2022-10-21T17:07:25 IST" duration-ms="313" status="PASS">
          <params>
            <param index="0">
              <value>
                <![CDATA[[TestResult name=tc9_Filter_Custom_date status=SUCCESS method=Agent_Recent_Calls.tc9_Filter_Custom_date()[pri:0, instance:Agent_Scripts.Agent_Recent_Calls@543588e6] output={null}]]]>
              </value>
            </param>
          </params>
          <reporter-output>
          </reporter-output>
        </test-method> <!-- closeApp -->
      </class> <!-- Agent_Scripts.Agent_Recent_Calls -->
    </test> <!-- Test -->
  </suite> <!-- Suite -->
</testng-results>
